{"D:\\Hacktiv8\\Project\\Individual Project\\IP-MFarrasDaffa\\server\\controllers\\CollectionController.js": {"path":"D:\\Hacktiv8\\Project\\Individual Project\\IP-MFarrasDaffa\\server\\controllers\\CollectionController.js","statementMap":{"0":{"start":{"line":1,"column":36},"end":{"line":1,"column":56}},"1":{"start":{"line":3,"column":0},"end":{"line":19,"column":1}},"2":{"start":{"line":5,"column":8},"end":{"line":17,"column":9}},"3":{"start":{"line":6,"column":27},"end":{"line":6,"column":38}},"4":{"start":{"line":8,"column":32},"end":{"line":11,"column":14}},"5":{"start":{"line":13,"column":12},"end":{"line":13,"column":45}},"6":{"start":{"line":15,"column":12},"end":{"line":15,"column":62}},"7":{"start":{"line":16,"column":12},"end":{"line":16,"column":23}}},"fnMap":{"0":{"name":"(anonymous_0)","decl":{"start":{"line":4,"column":4},"end":{"line":4,"column":5}},"loc":{"start":{"line":4,"column":48},"end":{"line":18,"column":5}},"line":4}},"branchMap":{},"s":{"0":13,"1":13,"2":4,"3":4,"4":4,"5":3,"6":1,"7":1},"f":{"0":4},"b":{},"_coverageSchema":"1a1c01bbd47fc00a2c39e90264f33305004495a9","hash":"f22b2b0d79f6f51246a5f681a23e81752cc162bf"}
,"D:\\Hacktiv8\\Project\\Individual Project\\IP-MFarrasDaffa\\server\\controllers\\MovieController.js": {"path":"D:\\Hacktiv8\\Project\\Individual Project\\IP-MFarrasDaffa\\server\\controllers\\MovieController.js","statementMap":{"0":{"start":{"line":1,"column":27},"end":{"line":1,"column":47}},"1":{"start":{"line":2,"column":24},"end":{"line":2,"column":48}},"2":{"start":{"line":5,"column":0},"end":{"line":109,"column":1}},"3":{"start":{"line":7,"column":8},"end":{"line":13,"column":9}},"4":{"start":{"line":8,"column":27},"end":{"line":8,"column":48}},"5":{"start":{"line":9,"column":12},"end":{"line":9,"column":41}},"6":{"start":{"line":11,"column":12},"end":{"line":11,"column":58}},"7":{"start":{"line":12,"column":12},"end":{"line":12,"column":24}},"8":{"start":{"line":17,"column":8},"end":{"line":46,"column":9}},"9":{"start":{"line":18,"column":27},"end":{"line":18,"column":37}},"10":{"start":{"line":19,"column":26},"end":{"line":19,"column":50}},"11":{"start":{"line":21,"column":12},"end":{"line":23,"column":13}},"12":{"start":{"line":22,"column":16},"end":{"line":22,"column":72}},"13":{"start":{"line":25,"column":31},"end":{"line":25,"column":83}},"14":{"start":{"line":26,"column":35},"end":{"line":32,"column":13}},"15":{"start":{"line":35,"column":29},"end":{"line":35,"column":68}},"16":{"start":{"line":37,"column":31},"end":{"line":37,"column":52}},"17":{"start":{"line":38,"column":12},"end":{"line":38,"column":44}},"18":{"start":{"line":39,"column":12},"end":{"line":39,"column":40}},"19":{"start":{"line":41,"column":12},"end":{"line":41,"column":47}},"20":{"start":{"line":44,"column":12},"end":{"line":44,"column":61}},"21":{"start":{"line":45,"column":12},"end":{"line":45,"column":24}},"22":{"start":{"line":50,"column":8},"end":{"line":107,"column":9}},"23":{"start":{"line":51,"column":23},"end":{"line":51,"column":34}},"24":{"start":{"line":53,"column":26},"end":{"line":53,"column":45}},"25":{"start":{"line":55,"column":25},"end":{"line":55,"column":75}},"26":{"start":{"line":57,"column":12},"end":{"line":59,"column":13}},"27":{"start":{"line":58,"column":16},"end":{"line":58,"column":81}},"28":{"start":{"line":61,"column":27},"end":{"line":61,"column":48}},"29":{"start":{"line":63,"column":29},"end":{"line":98,"column":14}},"30":{"start":{"line":100,"column":25},"end":{"line":100,"column":99}},"31":{"start":{"line":102,"column":12},"end":{"line":102,"column":39}},"32":{"start":{"line":105,"column":12},"end":{"line":105,"column":69}},"33":{"start":{"line":106,"column":12},"end":{"line":106,"column":24}}},"fnMap":{"0":{"name":"(anonymous_0)","decl":{"start":{"line":6,"column":4},"end":{"line":6,"column":5}},"loc":{"start":{"line":6,"column":43},"end":{"line":14,"column":5}},"line":6},"1":{"name":"(anonymous_1)","decl":{"start":{"line":16,"column":4},"end":{"line":16,"column":5}},"loc":{"start":{"line":16,"column":46},"end":{"line":47,"column":5}},"line":16},"2":{"name":"(anonymous_2)","decl":{"start":{"line":49,"column":4},"end":{"line":49,"column":5}},"loc":{"start":{"line":49,"column":52},"end":{"line":108,"column":5}},"line":49}},"branchMap":{"0":{"loc":{"start":{"line":21,"column":12},"end":{"line":23,"column":13}},"type":"if","locations":[{"start":{"line":21,"column":12},"end":{"line":23,"column":13}},{"start":{},"end":{}}],"line":21},"1":{"loc":{"start":{"line":57,"column":12},"end":{"line":59,"column":13}},"type":"if","locations":[{"start":{"line":57,"column":12},"end":{"line":59,"column":13}},{"start":{},"end":{}}],"line":57}},"s":{"0":13,"1":13,"2":13,"3":2,"4":2,"5":1,"6":1,"7":1,"8":3,"9":3,"10":3,"11":3,"12":1,"13":2,"14":2,"15":2,"16":1,"17":1,"18":1,"19":1,"20":2,"21":2,"22":4,"23":4,"24":4,"25":4,"26":4,"27":1,"28":3,"29":3,"30":2,"31":2,"32":2,"33":2},"f":{"0":2,"1":3,"2":4},"b":{"0":[1,2],"1":[1,3]},"_coverageSchema":"1a1c01bbd47fc00a2c39e90264f33305004495a9","hash":"8e8d0b4b5992ecf0c0375e78b8e59ba261066495"}
,"D:\\Hacktiv8\\Project\\Individual Project\\IP-MFarrasDaffa\\server\\controllers\\PaymentController.js": {"path":"D:\\Hacktiv8\\Project\\Individual Project\\IP-MFarrasDaffa\\server\\controllers\\PaymentController.js","statementMap":{"0":{"start":{"line":1,"column":23},"end":{"line":1,"column":49}},"1":{"start":{"line":2,"column":39},"end":{"line":2,"column":59}},"2":{"start":{"line":4,"column":0},"end":{"line":125,"column":1}},"3":{"start":{"line":6,"column":8},"end":{"line":80,"column":9}},"4":{"start":{"line":7,"column":46},"end":{"line":7,"column":54}},"5":{"start":{"line":9,"column":12},"end":{"line":11,"column":13}},"6":{"start":{"line":10,"column":16},"end":{"line":10,"column":97}},"7":{"start":{"line":14,"column":39},"end":{"line":19,"column":14}},"8":{"start":{"line":21,"column":12},"end":{"line":23,"column":13}},"9":{"start":{"line":22,"column":16},"end":{"line":22,"column":85}},"10":{"start":{"line":26,"column":23},"end":{"line":29,"column":14}},"11":{"start":{"line":31,"column":28},"end":{"line":31,"column":69}},"12":{"start":{"line":34,"column":27},"end":{"line":34,"column":32}},"13":{"start":{"line":36,"column":30},"end":{"line":53,"column":13}},"14":{"start":{"line":55,"column":32},"end":{"line":55,"column":71}},"15":{"start":{"line":58,"column":12},"end":{"line":65,"column":15}},"16":{"start":{"line":67,"column":12},"end":{"line":70,"column":15}},"17":{"start":{"line":72,"column":12},"end":{"line":76,"column":15}},"18":{"start":{"line":78,"column":12},"end":{"line":78,"column":62}},"19":{"start":{"line":79,"column":12},"end":{"line":79,"column":22}},"20":{"start":{"line":84,"column":8},"end":{"line":112,"column":9}},"21":{"start":{"line":85,"column":33},"end":{"line":85,"column":41}},"22":{"start":{"line":86,"column":12},"end":{"line":86,"column":58}},"23":{"start":{"line":89,"column":28},"end":{"line":92,"column":14}},"24":{"start":{"line":94,"column":38},"end":{"line":94,"column":90}},"25":{"start":{"line":95,"column":12},"end":{"line":95,"column":70}},"26":{"start":{"line":97,"column":28},"end":{"line":97,"column":54}},"27":{"start":{"line":98,"column":34},"end":{"line":98,"column":70}},"28":{"start":{"line":100,"column":12},"end":{"line":100,"column":74}},"29":{"start":{"line":103,"column":12},"end":{"line":106,"column":14}},"30":{"start":{"line":108,"column":12},"end":{"line":108,"column":75}},"31":{"start":{"line":110,"column":12},"end":{"line":110,"column":63}},"32":{"start":{"line":111,"column":12},"end":{"line":111,"column":74}},"33":{"start":{"line":116,"column":8},"end":{"line":123,"column":9}},"34":{"start":{"line":117,"column":27},"end":{"line":117,"column":38}},"35":{"start":{"line":118,"column":29},"end":{"line":118,"column":99}},"36":{"start":{"line":119,"column":12},"end":{"line":119,"column":43}},"37":{"start":{"line":121,"column":12},"end":{"line":121,"column":56}},"38":{"start":{"line":122,"column":12},"end":{"line":122,"column":22}}},"fnMap":{"0":{"name":"(anonymous_0)","decl":{"start":{"line":5,"column":4},"end":{"line":5,"column":5}},"loc":{"start":{"line":5,"column":51},"end":{"line":81,"column":5}},"line":5},"1":{"name":"(anonymous_1)","decl":{"start":{"line":83,"column":4},"end":{"line":83,"column":5}},"loc":{"start":{"line":83,"column":52},"end":{"line":113,"column":5}},"line":83},"2":{"name":"(anonymous_2)","decl":{"start":{"line":115,"column":4},"end":{"line":115,"column":5}},"loc":{"start":{"line":115,"column":45},"end":{"line":124,"column":5}},"line":115}},"branchMap":{"0":{"loc":{"start":{"line":9,"column":12},"end":{"line":11,"column":13}},"type":"if","locations":[{"start":{"line":9,"column":12},"end":{"line":11,"column":13}},{"start":{},"end":{}}],"line":9},"1":{"loc":{"start":{"line":9,"column":16},"end":{"line":9,"column":44}},"type":"binary-expr","locations":[{"start":{"line":9,"column":16},"end":{"line":9,"column":24}},{"start":{"line":9,"column":28},"end":{"line":9,"column":34}},{"start":{"line":9,"column":38},"end":{"line":9,"column":44}}],"line":9},"2":{"loc":{"start":{"line":21,"column":12},"end":{"line":23,"column":13}},"type":"if","locations":[{"start":{"line":21,"column":12},"end":{"line":23,"column":13}},{"start":{},"end":{}}],"line":21}},"s":{"0":13,"1":13,"2":13,"3":4,"4":4,"5":4,"6":1,"7":3,"8":3,"9":1,"10":2,"11":2,"12":2,"13":2,"14":2,"15":1,"16":1,"17":1,"18":3,"19":3,"20":2,"21":2,"22":2,"23":2,"24":2,"25":1,"26":1,"27":1,"28":1,"29":1,"30":1,"31":1,"32":1,"33":2,"34":2,"35":2,"36":1,"37":1,"38":1},"f":{"0":4,"1":2,"2":2},"b":{"0":[1,3],"1":[4,4,3],"2":[1,2]},"_coverageSchema":"1a1c01bbd47fc00a2c39e90264f33305004495a9","hash":"c3fd55cf97212617d71217951a4d3abb3e372f0d"}
,"D:\\Hacktiv8\\Project\\Individual Project\\IP-MFarrasDaffa\\server\\controllers\\ProfileController.js": {"path":"D:\\Hacktiv8\\Project\\Individual Project\\IP-MFarrasDaffa\\server\\controllers\\ProfileController.js","statementMap":{"0":{"start":{"line":1,"column":20},"end":{"line":1,"column":40}},"1":{"start":{"line":3,"column":19},"end":{"line":3,"column":43}},"2":{"start":{"line":5,"column":0},"end":{"line":9,"column":3}},"3":{"start":{"line":11,"column":0},"end":{"line":86,"column":1}},"4":{"start":{"line":13,"column":8},"end":{"line":23,"column":9}},"5":{"start":{"line":14,"column":23},"end":{"line":14,"column":34}},"6":{"start":{"line":15,"column":28},"end":{"line":15,"column":76}},"7":{"start":{"line":16,"column":12},"end":{"line":18,"column":13}},"8":{"start":{"line":17,"column":16},"end":{"line":17,"column":74}},"9":{"start":{"line":19,"column":12},"end":{"line":19,"column":42}},"10":{"start":{"line":21,"column":12},"end":{"line":21,"column":60}},"11":{"start":{"line":22,"column":12},"end":{"line":22,"column":24}},"12":{"start":{"line":27,"column":8},"end":{"line":42,"column":9}},"13":{"start":{"line":28,"column":27},"end":{"line":28,"column":37}},"14":{"start":{"line":29,"column":61},"end":{"line":29,"column":69}},"15":{"start":{"line":30,"column":28},"end":{"line":30,"column":76}},"16":{"start":{"line":31,"column":12},"end":{"line":33,"column":13}},"17":{"start":{"line":32,"column":16},"end":{"line":32,"column":74}},"18":{"start":{"line":34,"column":12},"end":{"line":37,"column":14}},"19":{"start":{"line":38,"column":12},"end":{"line":38,"column":78}},"20":{"start":{"line":40,"column":12},"end":{"line":40,"column":61}},"21":{"start":{"line":41,"column":12},"end":{"line":41,"column":23}},"22":{"start":{"line":46,"column":8},"end":{"line":84,"column":9}},"23":{"start":{"line":48,"column":12},"end":{"line":50,"column":13}},"24":{"start":{"line":49,"column":16},"end":{"line":49,"column":75}},"25":{"start":{"line":53,"column":37},"end":{"line":53,"column":91}},"26":{"start":{"line":54,"column":12},"end":{"line":56,"column":13}},"27":{"start":{"line":55,"column":16},"end":{"line":55,"column":86}},"28":{"start":{"line":58,"column":25},"end":{"line":58,"column":84}},"29":{"start":{"line":60,"column":12},"end":{"line":62,"column":13}},"30":{"start":{"line":61,"column":16},"end":{"line":61,"column":73}},"31":{"start":{"line":64,"column":29},"end":{"line":64,"column":46}},"32":{"start":{"line":65,"column":31},"end":{"line":65,"column":65}},"33":{"start":{"line":67,"column":27},"end":{"line":73,"column":13}},"34":{"start":{"line":75,"column":30},"end":{"line":75,"column":47}},"35":{"start":{"line":77,"column":12},"end":{"line":77,"column":55}},"36":{"start":{"line":79,"column":12},"end":{"line":79,"column":51}},"37":{"start":{"line":82,"column":12},"end":{"line":82,"column":68}},"38":{"start":{"line":83,"column":12},"end":{"line":83,"column":24}}},"fnMap":{"0":{"name":"(anonymous_0)","decl":{"start":{"line":12,"column":4},"end":{"line":12,"column":5}},"loc":{"start":{"line":12,"column":45},"end":{"line":24,"column":5}},"line":12},"1":{"name":"(anonymous_1)","decl":{"start":{"line":26,"column":4},"end":{"line":26,"column":5}},"loc":{"start":{"line":26,"column":47},"end":{"line":43,"column":5}},"line":26},"2":{"name":"(anonymous_2)","decl":{"start":{"line":45,"column":4},"end":{"line":45,"column":5}},"loc":{"start":{"line":45,"column":54},"end":{"line":85,"column":5}},"line":45}},"branchMap":{"0":{"loc":{"start":{"line":16,"column":12},"end":{"line":18,"column":13}},"type":"if","locations":[{"start":{"line":16,"column":12},"end":{"line":18,"column":13}},{"start":{},"end":{}}],"line":16},"1":{"loc":{"start":{"line":31,"column":12},"end":{"line":33,"column":13}},"type":"if","locations":[{"start":{"line":31,"column":12},"end":{"line":33,"column":13}},{"start":{},"end":{}}],"line":31},"2":{"loc":{"start":{"line":48,"column":12},"end":{"line":50,"column":13}},"type":"if","locations":[{"start":{"line":48,"column":12},"end":{"line":50,"column":13}},{"start":{},"end":{}}],"line":48},"3":{"loc":{"start":{"line":54,"column":12},"end":{"line":56,"column":13}},"type":"if","locations":[{"start":{"line":54,"column":12},"end":{"line":56,"column":13}},{"start":{},"end":{}}],"line":54},"4":{"loc":{"start":{"line":60,"column":12},"end":{"line":62,"column":13}},"type":"if","locations":[{"start":{"line":60,"column":12},"end":{"line":62,"column":13}},{"start":{},"end":{}}],"line":60}},"s":{"0":13,"1":13,"2":13,"3":13,"4":3,"5":3,"6":3,"7":2,"8":1,"9":1,"10":2,"11":2,"12":3,"13":3,"14":3,"15":3,"16":3,"17":1,"18":2,"19":1,"20":2,"21":2,"22":5,"23":5,"24":1,"25":4,"26":4,"27":1,"28":3,"29":3,"30":1,"31":2,"32":2,"33":2,"34":1,"35":1,"36":1,"37":4,"38":4},"f":{"0":3,"1":3,"2":5},"b":{"0":[1,1],"1":[1,2],"2":[1,4],"3":[1,3],"4":[1,2]},"_coverageSchema":"1a1c01bbd47fc00a2c39e90264f33305004495a9","hash":"b512ea928ac958c18bb15f7f2028a19471ce83e7"}
,"D:\\Hacktiv8\\Project\\Individual Project\\IP-MFarrasDaffa\\server\\controllers\\UserController.js": {"path":"D:\\Hacktiv8\\Project\\Individual Project\\IP-MFarrasDaffa\\server\\controllers\\UserController.js","statementMap":{"0":{"start":{"line":1,"column":26},"end":{"line":1,"column":46}},"1":{"start":{"line":2,"column":22},"end":{"line":2,"column":47}},"2":{"start":{"line":3,"column":24},"end":{"line":3,"column":52}},"3":{"start":{"line":4,"column":25},"end":{"line":4,"column":55}},"4":{"start":{"line":6,"column":0},"end":{"line":101,"column":2}},"5":{"start":{"line":8,"column":8},"end":{"line":46,"column":9}},"6":{"start":{"line":10,"column":12},"end":{"line":12,"column":13}},"7":{"start":{"line":11,"column":16},"end":{"line":11,"column":75}},"8":{"start":{"line":14,"column":40},"end":{"line":14,"column":48}},"9":{"start":{"line":16,"column":12},"end":{"line":18,"column":13}},"10":{"start":{"line":17,"column":16},"end":{"line":17,"column":75}},"11":{"start":{"line":19,"column":12},"end":{"line":21,"column":13}},"12":{"start":{"line":20,"column":16},"end":{"line":20,"column":78}},"13":{"start":{"line":23,"column":25},"end":{"line":23,"column":65}},"14":{"start":{"line":25,"column":12},"end":{"line":25,"column":30}},"15":{"start":{"line":29,"column":12},"end":{"line":31,"column":13}},"16":{"start":{"line":30,"column":16},"end":{"line":30,"column":85}},"17":{"start":{"line":34,"column":36},"end":{"line":34,"column":72}},"18":{"start":{"line":35,"column":12},"end":{"line":37,"column":13}},"19":{"start":{"line":36,"column":16},"end":{"line":36,"column":85}},"20":{"start":{"line":40,"column":33},"end":{"line":40,"column":78}},"21":{"start":{"line":42,"column":12},"end":{"line":42,"column":81}},"22":{"start":{"line":44,"column":12},"end":{"line":44,"column":54}},"23":{"start":{"line":45,"column":12},"end":{"line":45,"column":24}},"24":{"start":{"line":50,"column":8},"end":{"line":61,"column":9}},"25":{"start":{"line":51,"column":28},"end":{"line":51,"column":55}},"26":{"start":{"line":53,"column":12},"end":{"line":55,"column":14}},"27":{"start":{"line":57,"column":12},"end":{"line":57,"column":70}},"28":{"start":{"line":59,"column":12},"end":{"line":59,"column":55}},"29":{"start":{"line":60,"column":12},"end":{"line":60,"column":24}},"30":{"start":{"line":65,"column":8},"end":{"line":99,"column":9}},"31":{"start":{"line":67,"column":37},"end":{"line":67,"column":45}},"32":{"start":{"line":68,"column":12},"end":{"line":70,"column":13}},"33":{"start":{"line":69,"column":16},"end":{"line":69,"column":83}},"34":{"start":{"line":72,"column":27},"end":{"line":72,"column":45}},"35":{"start":{"line":74,"column":27},"end":{"line":77,"column":14}},"36":{"start":{"line":79,"column":28},"end":{"line":79,"column":47}},"37":{"start":{"line":80,"column":12},"end":{"line":80,"column":33}},"38":{"start":{"line":82,"column":23},"end":{"line":82,"column":78}},"39":{"start":{"line":84,"column":12},"end":{"line":93,"column":13}},"40":{"start":{"line":85,"column":16},"end":{"line":88,"column":19}},"41":{"start":{"line":90,"column":16},"end":{"line":92,"column":18}},"42":{"start":{"line":95,"column":33},"end":{"line":95,"column":78}},"43":{"start":{"line":96,"column":12},"end":{"line":96,"column":81}},"44":{"start":{"line":98,"column":12},"end":{"line":98,"column":24}}},"fnMap":{"0":{"name":"(anonymous_0)","decl":{"start":{"line":7,"column":4},"end":{"line":7,"column":5}},"loc":{"start":{"line":7,"column":39},"end":{"line":47,"column":5}},"line":7},"1":{"name":"(anonymous_1)","decl":{"start":{"line":49,"column":4},"end":{"line":49,"column":5}},"loc":{"start":{"line":49,"column":42},"end":{"line":62,"column":5}},"line":49},"2":{"name":"(anonymous_2)","decl":{"start":{"line":64,"column":4},"end":{"line":64,"column":5}},"loc":{"start":{"line":64,"column":45},"end":{"line":100,"column":5}},"line":64}},"branchMap":{"0":{"loc":{"start":{"line":10,"column":12},"end":{"line":12,"column":13}},"type":"if","locations":[{"start":{"line":10,"column":12},"end":{"line":12,"column":13}},{"start":{},"end":{}}],"line":10},"1":{"loc":{"start":{"line":16,"column":12},"end":{"line":18,"column":13}},"type":"if","locations":[{"start":{"line":16,"column":12},"end":{"line":18,"column":13}},{"start":{},"end":{}}],"line":16},"2":{"loc":{"start":{"line":19,"column":12},"end":{"line":21,"column":13}},"type":"if","locations":[{"start":{"line":19,"column":12},"end":{"line":21,"column":13}},{"start":{},"end":{}}],"line":19},"3":{"loc":{"start":{"line":29,"column":12},"end":{"line":31,"column":13}},"type":"if","locations":[{"start":{"line":29,"column":12},"end":{"line":31,"column":13}},{"start":{},"end":{}}],"line":29},"4":{"loc":{"start":{"line":35,"column":12},"end":{"line":37,"column":13}},"type":"if","locations":[{"start":{"line":35,"column":12},"end":{"line":37,"column":13}},{"start":{},"end":{}}],"line":35},"5":{"loc":{"start":{"line":68,"column":12},"end":{"line":70,"column":13}},"type":"if","locations":[{"start":{"line":68,"column":12},"end":{"line":70,"column":13}},{"start":{},"end":{}}],"line":68},"6":{"loc":{"start":{"line":84,"column":12},"end":{"line":93,"column":13}},"type":"if","locations":[{"start":{"line":84,"column":12},"end":{"line":93,"column":13}},{"start":{},"end":{}}],"line":84}},"s":{"0":13,"1":13,"2":13,"3":13,"4":13,"5":5,"6":5,"7":0,"8":5,"9":5,"10":1,"11":4,"12":1,"13":3,"14":3,"15":3,"16":1,"17":2,"18":2,"19":1,"20":1,"21":1,"22":4,"23":4,"24":2,"25":2,"26":1,"27":1,"28":1,"29":1,"30":1,"31":1,"32":1,"33":1,"34":0,"35":0,"36":0,"37":0,"38":0,"39":0,"40":0,"41":0,"42":0,"43":0,"44":1},"f":{"0":5,"1":2,"2":1},"b":{"0":[0,5],"1":[1,4],"2":[1,3],"3":[1,2],"4":[1,1],"5":[1,0],"6":[0,0]},"_coverageSchema":"1a1c01bbd47fc00a2c39e90264f33305004495a9","hash":"398a596ab2d7a6723a64a329e2aab66e44045840"}
,"D:\\Hacktiv8\\Project\\Individual Project\\IP-MFarrasDaffa\\server\\controllers\\WatchlistController.js": {"path":"D:\\Hacktiv8\\Project\\Individual Project\\IP-MFarrasDaffa\\server\\controllers\\WatchlistController.js","statementMap":{"0":{"start":{"line":1,"column":29},"end":{"line":1,"column":49}},"1":{"start":{"line":3,"column":0},"end":{"line":85,"column":1}},"2":{"start":{"line":5,"column":8},"end":{"line":20,"column":9}},"3":{"start":{"line":6,"column":27},"end":{"line":6,"column":38}},"4":{"start":{"line":7,"column":31},"end":{"line":10,"column":14}},"5":{"start":{"line":12,"column":12},"end":{"line":14,"column":13}},"6":{"start":{"line":13,"column":16},"end":{"line":13,"column":90}},"7":{"start":{"line":16,"column":12},"end":{"line":16,"column":45}},"8":{"start":{"line":18,"column":12},"end":{"line":18,"column":62}},"9":{"start":{"line":19,"column":12},"end":{"line":19,"column":24}},"10":{"start":{"line":24,"column":8},"end":{"line":48,"column":9}},"11":{"start":{"line":25,"column":27},"end":{"line":25,"column":38}},"12":{"start":{"line":26,"column":28},"end":{"line":26,"column":41}},"13":{"start":{"line":27,"column":38},"end":{"line":27,"column":110}},"14":{"start":{"line":29,"column":12},"end":{"line":31,"column":13}},"15":{"start":{"line":30,"column":16},"end":{"line":30,"column":85}},"16":{"start":{"line":33,"column":30},"end":{"line":33,"column":59}},"17":{"start":{"line":35,"column":12},"end":{"line":37,"column":13}},"18":{"start":{"line":36,"column":16},"end":{"line":36,"column":72}},"19":{"start":{"line":39,"column":33},"end":{"line":42,"column":14}},"20":{"start":{"line":44,"column":12},"end":{"line":44,"column":99}},"21":{"start":{"line":46,"column":12},"end":{"line":46,"column":61}},"22":{"start":{"line":47,"column":12},"end":{"line":47,"column":24}},"23":{"start":{"line":53,"column":8},"end":{"line":65,"column":9}},"24":{"start":{"line":54,"column":27},"end":{"line":54,"column":38}},"25":{"start":{"line":55,"column":28},"end":{"line":55,"column":41}},"26":{"start":{"line":56,"column":30},"end":{"line":56,"column":102}},"27":{"start":{"line":57,"column":12},"end":{"line":61,"column":13}},"28":{"start":{"line":58,"column":16},"end":{"line":58,"column":60}},"29":{"start":{"line":60,"column":16},"end":{"line":60,"column":61}},"30":{"start":{"line":63,"column":12},"end":{"line":63,"column":63}},"31":{"start":{"line":64,"column":12},"end":{"line":64,"column":24}},"32":{"start":{"line":69,"column":8},"end":{"line":83,"column":9}},"33":{"start":{"line":70,"column":27},"end":{"line":70,"column":38}},"34":{"start":{"line":71,"column":28},"end":{"line":71,"column":41}},"35":{"start":{"line":72,"column":30},"end":{"line":72,"column":102}},"36":{"start":{"line":74,"column":12},"end":{"line":76,"column":13}},"37":{"start":{"line":75,"column":16},"end":{"line":75,"column":85}},"38":{"start":{"line":78,"column":12},"end":{"line":78,"column":85}},"39":{"start":{"line":79,"column":12},"end":{"line":79,"column":78}},"40":{"start":{"line":81,"column":12},"end":{"line":81,"column":64}},"41":{"start":{"line":82,"column":12},"end":{"line":82,"column":24}}},"fnMap":{"0":{"name":"(anonymous_0)","decl":{"start":{"line":4,"column":4},"end":{"line":4,"column":5}},"loc":{"start":{"line":4,"column":47},"end":{"line":21,"column":5}},"line":4},"1":{"name":"(anonymous_1)","decl":{"start":{"line":23,"column":4},"end":{"line":23,"column":5}},"loc":{"start":{"line":23,"column":46},"end":{"line":50,"column":5}},"line":23},"2":{"name":"(anonymous_2)","decl":{"start":{"line":52,"column":4},"end":{"line":52,"column":5}},"loc":{"start":{"line":52,"column":48},"end":{"line":66,"column":5}},"line":52},"3":{"name":"(anonymous_3)","decl":{"start":{"line":68,"column":4},"end":{"line":68,"column":5}},"loc":{"start":{"line":68,"column":49},"end":{"line":84,"column":5}},"line":68}},"branchMap":{"0":{"loc":{"start":{"line":12,"column":12},"end":{"line":14,"column":13}},"type":"if","locations":[{"start":{"line":12,"column":12},"end":{"line":14,"column":13}},{"start":{},"end":{}}],"line":12},"1":{"loc":{"start":{"line":29,"column":12},"end":{"line":31,"column":13}},"type":"if","locations":[{"start":{"line":29,"column":12},"end":{"line":31,"column":13}},{"start":{},"end":{}}],"line":29},"2":{"loc":{"start":{"line":35,"column":12},"end":{"line":37,"column":13}},"type":"if","locations":[{"start":{"line":35,"column":12},"end":{"line":37,"column":13}},{"start":{},"end":{}}],"line":35},"3":{"loc":{"start":{"line":57,"column":12},"end":{"line":61,"column":13}},"type":"if","locations":[{"start":{"line":57,"column":12},"end":{"line":61,"column":13}},{"start":{"line":59,"column":19},"end":{"line":61,"column":13}}],"line":57},"4":{"loc":{"start":{"line":74,"column":12},"end":{"line":76,"column":13}},"type":"if","locations":[{"start":{"line":74,"column":12},"end":{"line":76,"column":13}},{"start":{},"end":{}}],"line":74}},"s":{"0":13,"1":13,"2":3,"3":3,"4":3,"5":2,"6":1,"7":1,"8":2,"9":2,"10":3,"11":3,"12":3,"13":3,"14":3,"15":1,"16":2,"17":2,"18":1,"19":1,"20":1,"21":2,"22":2,"23":2,"24":2,"25":2,"26":2,"27":2,"28":1,"29":1,"30":0,"31":0,"32":2,"33":2,"34":2,"35":2,"36":2,"37":1,"38":1,"39":1,"40":1,"41":1},"f":{"0":3,"1":3,"2":2,"3":2},"b":{"0":[1,1],"1":[1,2],"2":[1,1],"3":[1,1],"4":[1,1]},"_coverageSchema":"1a1c01bbd47fc00a2c39e90264f33305004495a9","hash":"0ea7c496fa7943ef94adf6a5d2e7368bd19a12cb"}
,"D:\\Hacktiv8\\Project\\Individual Project\\IP-MFarrasDaffa\\server\\helpers\\bcrypt.js": {"path":"D:\\Hacktiv8\\Project\\Individual Project\\IP-MFarrasDaffa\\server\\helpers\\bcrypt.js","statementMap":{"0":{"start":{"line":1,"column":15},"end":{"line":1,"column":34}},"1":{"start":{"line":4,"column":17},"end":{"line":4,"column":46}},"2":{"start":{"line":5,"column":4},"end":{"line":5,"column":16}},"3":{"start":{"line":9,"column":4},"end":{"line":9,"column":46}},"4":{"start":{"line":12,"column":0},"end":{"line":15,"column":2}}},"fnMap":{"0":{"name":"hashPassword","decl":{"start":{"line":3,"column":9},"end":{"line":3,"column":21}},"loc":{"start":{"line":3,"column":32},"end":{"line":6,"column":1}},"line":3},"1":{"name":"compareHash","decl":{"start":{"line":8,"column":9},"end":{"line":8,"column":20}},"loc":{"start":{"line":8,"column":37},"end":{"line":10,"column":1}},"line":8}},"branchMap":{},"s":{"0":2,"1":3,"2":3,"3":2,"4":2},"f":{"0":3,"1":2},"b":{},"_coverageSchema":"1a1c01bbd47fc00a2c39e90264f33305004495a9","hash":"9b4a17fd6e70f7ec7f215d19f8ab3274fd039f6b"}
,"D:\\Hacktiv8\\Project\\Individual Project\\IP-MFarrasDaffa\\server\\helpers\\jwt.js": {"path":"D:\\Hacktiv8\\Project\\Individual Project\\IP-MFarrasDaffa\\server\\helpers\\jwt.js","statementMap":{"0":{"start":{"line":1,"column":12},"end":{"line":1,"column":35}},"1":{"start":{"line":3,"column":16},"end":{"line":3,"column":38}},"2":{"start":{"line":6,"column":4},"end":{"line":6,"column":38}},"3":{"start":{"line":10,"column":4},"end":{"line":10,"column":38}},"4":{"start":{"line":13,"column":0},"end":{"line":16,"column":2}}},"fnMap":{"0":{"name":"signToken","decl":{"start":{"line":5,"column":9},"end":{"line":5,"column":18}},"loc":{"start":{"line":5,"column":28},"end":{"line":7,"column":1}},"line":5},"1":{"name":"verifyToken","decl":{"start":{"line":9,"column":9},"end":{"line":9,"column":20}},"loc":{"start":{"line":9,"column":28},"end":{"line":11,"column":1}},"line":9}},"branchMap":{},"s":{"0":4,"1":4,"2":2,"3":3,"4":4},"f":{"0":2,"1":3},"b":{},"_coverageSchema":"1a1c01bbd47fc00a2c39e90264f33305004495a9","hash":"b2a35776c1f7a0fab052cc6c03581c4f803617c7"}
,"D:\\Hacktiv8\\Project\\Individual Project\\IP-MFarrasDaffa\\server\\middleware\\authentication.js": {"path":"D:\\Hacktiv8\\Project\\Individual Project\\IP-MFarrasDaffa\\server\\middleware\\authentication.js","statementMap":{"0":{"start":{"line":1,"column":24},"end":{"line":1,"column":49}},"1":{"start":{"line":2,"column":17},"end":{"line":2,"column":37}},"2":{"start":{"line":4,"column":0},"end":{"line":31,"column":2}},"3":{"start":{"line":5,"column":4},"end":{"line":8,"column":5}},"4":{"start":{"line":6,"column":8},"end":{"line":6,"column":73}},"5":{"start":{"line":7,"column":8},"end":{"line":7,"column":15}},"6":{"start":{"line":10,"column":18},"end":{"line":10,"column":57}},"7":{"start":{"line":12,"column":4},"end":{"line":30,"column":5}},"8":{"start":{"line":13,"column":21},"end":{"line":13,"column":39}},"9":{"start":{"line":15,"column":21},"end":{"line":17,"column":10}},"10":{"start":{"line":19,"column":8},"end":{"line":21,"column":9}},"11":{"start":{"line":20,"column":12},"end":{"line":20,"column":71}},"12":{"start":{"line":24,"column":8},"end":{"line":24,"column":24}},"13":{"start":{"line":26,"column":8},"end":{"line":26,"column":15}},"14":{"start":{"line":28,"column":8},"end":{"line":28,"column":59}},"15":{"start":{"line":29,"column":8},"end":{"line":29,"column":20}}},"fnMap":{"0":{"name":"authentication","decl":{"start":{"line":4,"column":32},"end":{"line":4,"column":46}},"loc":{"start":{"line":4,"column":63},"end":{"line":31,"column":1}},"line":4}},"branchMap":{"0":{"loc":{"start":{"line":5,"column":4},"end":{"line":8,"column":5}},"type":"if","locations":[{"start":{"line":5,"column":4},"end":{"line":8,"column":5}},{"start":{},"end":{}}],"line":5},"1":{"loc":{"start":{"line":19,"column":8},"end":{"line":21,"column":9}},"type":"if","locations":[{"start":{"line":19,"column":8},"end":{"line":21,"column":9}},{"start":{},"end":{}}],"line":19}},"s":{"0":1,"1":1,"2":1,"3":4,"4":1,"5":1,"6":3,"7":3,"8":3,"9":2,"10":2,"11":1,"12":1,"13":1,"14":2,"15":2},"f":{"0":4},"b":{"0":[1,3],"1":[1,1]},"_coverageSchema":"1a1c01bbd47fc00a2c39e90264f33305004495a9","hash":"94961d92dc8f92997d0884599959529aeb5a0f51"}
,"D:\\Hacktiv8\\Project\\Individual Project\\IP-MFarrasDaffa\\server\\middleware\\authorization_profile.js": {"path":"D:\\Hacktiv8\\Project\\Individual Project\\IP-MFarrasDaffa\\server\\middleware\\authorization_profile.js","statementMap":{"0":{"start":{"line":1,"column":20},"end":{"line":1,"column":40}},"1":{"start":{"line":3,"column":0},"end":{"line":20,"column":1}},"2":{"start":{"line":4,"column":4},"end":{"line":19,"column":5}},"3":{"start":{"line":5,"column":26},"end":{"line":5,"column":37}},"4":{"start":{"line":6,"column":24},"end":{"line":6,"column":57}},"5":{"start":{"line":8,"column":8},"end":{"line":10,"column":9}},"6":{"start":{"line":9,"column":12},"end":{"line":9,"column":66}},"7":{"start":{"line":12,"column":8},"end":{"line":14,"column":9}},"8":{"start":{"line":13,"column":12},"end":{"line":13,"column":72}},"9":{"start":{"line":16,"column":8},"end":{"line":16,"column":14}},"10":{"start":{"line":18,"column":8},"end":{"line":18,"column":19}}},"fnMap":{"0":{"name":"authorization","decl":{"start":{"line":3,"column":32},"end":{"line":3,"column":45}},"loc":{"start":{"line":3,"column":62},"end":{"line":20,"column":1}},"line":3}},"branchMap":{"0":{"loc":{"start":{"line":8,"column":8},"end":{"line":10,"column":9}},"type":"if","locations":[{"start":{"line":8,"column":8},"end":{"line":10,"column":9}},{"start":{},"end":{}}],"line":8},"1":{"loc":{"start":{"line":12,"column":8},"end":{"line":14,"column":9}},"type":"if","locations":[{"start":{"line":12,"column":8},"end":{"line":14,"column":9}},{"start":{},"end":{}}],"line":12}},"s":{"0":2,"1":2,"2":3,"3":3,"4":3,"5":3,"6":1,"7":2,"8":1,"9":1,"10":2},"f":{"0":3},"b":{"0":[1,2],"1":[1,1]},"_coverageSchema":"1a1c01bbd47fc00a2c39e90264f33305004495a9","hash":"f67a9487aedd73042bb3497f71680d8080c0bd4d"}
,"D:\\Hacktiv8\\Project\\Individual Project\\IP-MFarrasDaffa\\server\\middleware\\authorization_watchlist.js": {"path":"D:\\Hacktiv8\\Project\\Individual Project\\IP-MFarrasDaffa\\server\\middleware\\authorization_watchlist.js","statementMap":{"0":{"start":{"line":1,"column":22},"end":{"line":1,"column":42}},"1":{"start":{"line":3,"column":0},"end":{"line":20,"column":1}},"2":{"start":{"line":4,"column":4},"end":{"line":19,"column":5}},"3":{"start":{"line":5,"column":28},"end":{"line":5,"column":39}},"4":{"start":{"line":6,"column":26},"end":{"line":6,"column":63}},"5":{"start":{"line":8,"column":8},"end":{"line":10,"column":9}},"6":{"start":{"line":9,"column":12},"end":{"line":9,"column":68}},"7":{"start":{"line":12,"column":8},"end":{"line":14,"column":9}},"8":{"start":{"line":13,"column":12},"end":{"line":13,"column":72}},"9":{"start":{"line":16,"column":8},"end":{"line":16,"column":14}},"10":{"start":{"line":18,"column":8},"end":{"line":18,"column":19}}},"fnMap":{"0":{"name":"authorization","decl":{"start":{"line":3,"column":32},"end":{"line":3,"column":45}},"loc":{"start":{"line":3,"column":62},"end":{"line":20,"column":1}},"line":3}},"branchMap":{"0":{"loc":{"start":{"line":8,"column":8},"end":{"line":10,"column":9}},"type":"if","locations":[{"start":{"line":8,"column":8},"end":{"line":10,"column":9}},{"start":{},"end":{}}],"line":8},"1":{"loc":{"start":{"line":12,"column":8},"end":{"line":14,"column":9}},"type":"if","locations":[{"start":{"line":12,"column":8},"end":{"line":14,"column":9}},{"start":{},"end":{}}],"line":12}},"s":{"0":1,"1":1,"2":3,"3":3,"4":3,"5":3,"6":1,"7":2,"8":1,"9":1,"10":2},"f":{"0":3},"b":{"0":[1,2],"1":[1,1]},"_coverageSchema":"1a1c01bbd47fc00a2c39e90264f33305004495a9","hash":"392fdc96dec062516be2352638fa1e8a71ea3c6b"}
,"D:\\Hacktiv8\\Project\\Individual Project\\IP-MFarrasDaffa\\server\\middleware\\errorHandler.js": {"path":"D:\\Hacktiv8\\Project\\Individual Project\\IP-MFarrasDaffa\\server\\middleware\\errorHandler.js","statementMap":{"0":{"start":{"line":1,"column":0},"end":{"line":22,"column":2}},"1":{"start":{"line":2,"column":4},"end":{"line":21,"column":5}},"2":{"start":{"line":6,"column":8},"end":{"line":6,"column":65}},"3":{"start":{"line":7,"column":11},"end":{"line":21,"column":5}},"4":{"start":{"line":8,"column":8},"end":{"line":8,"column":60}},"5":{"start":{"line":9,"column":11},"end":{"line":21,"column":5}},"6":{"start":{"line":10,"column":8},"end":{"line":10,"column":55}},"7":{"start":{"line":11,"column":11},"end":{"line":21,"column":5}},"8":{"start":{"line":12,"column":8},"end":{"line":12,"column":55}},"9":{"start":{"line":13,"column":11},"end":{"line":21,"column":5}},"10":{"start":{"line":14,"column":8},"end":{"line":14,"column":59}},"11":{"start":{"line":15,"column":11},"end":{"line":21,"column":5}},"12":{"start":{"line":16,"column":8},"end":{"line":16,"column":55}},"13":{"start":{"line":17,"column":11},"end":{"line":21,"column":5}},"14":{"start":{"line":18,"column":8},"end":{"line":18,"column":55}},"15":{"start":{"line":20,"column":8},"end":{"line":20,"column":55}}},"fnMap":{"0":{"name":"errorHandler","decl":{"start":{"line":1,"column":26},"end":{"line":1,"column":38}},"loc":{"start":{"line":1,"column":60},"end":{"line":22,"column":1}},"line":1}},"branchMap":{"0":{"loc":{"start":{"line":2,"column":4},"end":{"line":21,"column":5}},"type":"if","locations":[{"start":{"line":2,"column":4},"end":{"line":21,"column":5}},{"start":{"line":7,"column":11},"end":{"line":21,"column":5}}],"line":2},"1":{"loc":{"start":{"line":3,"column":8},"end":{"line":4,"column":53}},"type":"binary-expr","locations":[{"start":{"line":3,"column":8},"end":{"line":3,"column":47}},{"start":{"line":4,"column":8},"end":{"line":4,"column":53}}],"line":3},"2":{"loc":{"start":{"line":7,"column":11},"end":{"line":21,"column":5}},"type":"if","locations":[{"start":{"line":7,"column":11},"end":{"line":21,"column":5}},{"start":{"line":9,"column":11},"end":{"line":21,"column":5}}],"line":7},"3":{"loc":{"start":{"line":9,"column":11},"end":{"line":21,"column":5}},"type":"if","locations":[{"start":{"line":9,"column":11},"end":{"line":21,"column":5}},{"start":{"line":11,"column":11},"end":{"line":21,"column":5}}],"line":9},"4":{"loc":{"start":{"line":11,"column":11},"end":{"line":21,"column":5}},"type":"if","locations":[{"start":{"line":11,"column":11},"end":{"line":21,"column":5}},{"start":{"line":13,"column":11},"end":{"line":21,"column":5}}],"line":11},"5":{"loc":{"start":{"line":13,"column":11},"end":{"line":21,"column":5}},"type":"if","locations":[{"start":{"line":13,"column":11},"end":{"line":21,"column":5}},{"start":{"line":15,"column":11},"end":{"line":21,"column":5}}],"line":13},"6":{"loc":{"start":{"line":15,"column":11},"end":{"line":21,"column":5}},"type":"if","locations":[{"start":{"line":15,"column":11},"end":{"line":21,"column":5}},{"start":{"line":17,"column":11},"end":{"line":21,"column":5}}],"line":15},"7":{"loc":{"start":{"line":17,"column":11},"end":{"line":21,"column":5}},"type":"if","locations":[{"start":{"line":17,"column":11},"end":{"line":21,"column":5}},{"start":{"line":19,"column":11},"end":{"line":21,"column":5}}],"line":17}},"s":{"0":14,"1":38,"2":2,"3":36,"4":1,"5":35,"6":9,"7":26,"8":3,"9":23,"10":1,"11":22,"12":1,"13":21,"14":9,"15":12},"f":{"0":38},"b":{"0":[2,36],"1":[38,37],"2":[1,35],"3":[9,26],"4":[3,23],"5":[1,22],"6":[1,21],"7":[9,12]},"_coverageSchema":"1a1c01bbd47fc00a2c39e90264f33305004495a9","hash":"d19f3492d55d0af227ebb991e2f40a14f4f664a8"}
,"D:\\Hacktiv8\\Project\\Individual Project\\IP-MFarrasDaffa\\server\\routes\\CollectionRoute.js": {"path":"D:\\Hacktiv8\\Project\\Individual Project\\IP-MFarrasDaffa\\server\\routes\\CollectionRoute.js","statementMap":{"0":{"start":{"line":1,"column":16},"end":{"line":1,"column":34}},"1":{"start":{"line":2,"column":15},"end":{"line":2,"column":31}},"2":{"start":{"line":4,"column":29},"end":{"line":4,"column":75}},"3":{"start":{"line":5,"column":23},"end":{"line":5,"column":62}},"4":{"start":{"line":7,"column":0},"end":{"line":7,"column":26}},"5":{"start":{"line":9,"column":0},"end":{"line":9,"column":52}},"6":{"start":{"line":11,"column":0},"end":{"line":11,"column":23}}},"fnMap":{},"branchMap":{},"s":{"0":13,"1":13,"2":13,"3":13,"4":13,"5":13,"6":13},"f":{},"b":{},"_coverageSchema":"1a1c01bbd47fc00a2c39e90264f33305004495a9","hash":"36ac8cbb12738e459f5659623db9718e2d72d0a1"}
,"D:\\Hacktiv8\\Project\\Individual Project\\IP-MFarrasDaffa\\server\\routes\\MovieRoute.js": {"path":"D:\\Hacktiv8\\Project\\Individual Project\\IP-MFarrasDaffa\\server\\routes\\MovieRoute.js","statementMap":{"0":{"start":{"line":1,"column":16},"end":{"line":1,"column":34}},"1":{"start":{"line":2,"column":15},"end":{"line":2,"column":31}},"2":{"start":{"line":4,"column":24},"end":{"line":4,"column":65}},"3":{"start":{"line":5,"column":23},"end":{"line":5,"column":62}},"4":{"start":{"line":7,"column":0},"end":{"line":7,"column":27}},"5":{"start":{"line":9,"column":0},"end":{"line":9,"column":43}},"6":{"start":{"line":10,"column":0},"end":{"line":10,"column":67}},"7":{"start":{"line":11,"column":0},"end":{"line":11,"column":49}},"8":{"start":{"line":13,"column":0},"end":{"line":13,"column":24}}},"fnMap":{},"branchMap":{},"s":{"0":13,"1":13,"2":13,"3":13,"4":13,"5":13,"6":13,"7":13,"8":13},"f":{},"b":{},"_coverageSchema":"1a1c01bbd47fc00a2c39e90264f33305004495a9","hash":"9e6325013bd558506d39f29692a9fa1ea01a56fc"}
,"D:\\Hacktiv8\\Project\\Individual Project\\IP-MFarrasDaffa\\server\\routes\\PaymentsRoute.js": {"path":"D:\\Hacktiv8\\Project\\Individual Project\\IP-MFarrasDaffa\\server\\routes\\PaymentsRoute.js","statementMap":{"0":{"start":{"line":1,"column":16},"end":{"line":1,"column":34}},"1":{"start":{"line":2,"column":15},"end":{"line":2,"column":31}},"2":{"start":{"line":4,"column":26},"end":{"line":4,"column":69}},"3":{"start":{"line":5,"column":23},"end":{"line":5,"column":62}},"4":{"start":{"line":7,"column":0},"end":{"line":9,"column":3}},"5":{"start":{"line":8,"column":4},"end":{"line":8,"column":57}},"6":{"start":{"line":12,"column":0},"end":{"line":12,"column":27}},"7":{"start":{"line":13,"column":0},"end":{"line":13,"column":47}},"8":{"start":{"line":14,"column":0},"end":{"line":14,"column":60}},"9":{"start":{"line":16,"column":0},"end":{"line":16,"column":24}}},"fnMap":{"0":{"name":"(anonymous_0)","decl":{"start":{"line":7,"column":24},"end":{"line":7,"column":25}},"loc":{"start":{"line":7,"column":44},"end":{"line":9,"column":1}},"line":7}},"branchMap":{},"s":{"0":13,"1":13,"2":13,"3":13,"4":13,"5":2,"6":13,"7":13,"8":13,"9":13},"f":{"0":2},"b":{},"_coverageSchema":"1a1c01bbd47fc00a2c39e90264f33305004495a9","hash":"6acbfe1d8fe5b691db10a9ab6f704e4c5090e07e"}
,"D:\\Hacktiv8\\Project\\Individual Project\\IP-MFarrasDaffa\\server\\routes\\ProfilesRoute.js": {"path":"D:\\Hacktiv8\\Project\\Individual Project\\IP-MFarrasDaffa\\server\\routes\\ProfilesRoute.js","statementMap":{"0":{"start":{"line":1,"column":16},"end":{"line":1,"column":34}},"1":{"start":{"line":2,"column":15},"end":{"line":2,"column":31}},"2":{"start":{"line":4,"column":26},"end":{"line":4,"column":69}},"3":{"start":{"line":5,"column":23},"end":{"line":5,"column":62}},"4":{"start":{"line":6,"column":22},"end":{"line":6,"column":68}},"5":{"start":{"line":8,"column":15},"end":{"line":8,"column":32}},"6":{"start":{"line":9,"column":16},"end":{"line":9,"column":38}},"7":{"start":{"line":10,"column":15},"end":{"line":10,"column":43}},"8":{"start":{"line":12,"column":0},"end":{"line":12,"column":26}},"9":{"start":{"line":14,"column":0},"end":{"line":14,"column":62}},"10":{"start":{"line":16,"column":0},"end":{"line":20,"column":2}},"11":{"start":{"line":22,"column":0},"end":{"line":22,"column":67}},"12":{"start":{"line":24,"column":0},"end":{"line":24,"column":24}}},"fnMap":{},"branchMap":{},"s":{"0":13,"1":13,"2":13,"3":13,"4":13,"5":13,"6":13,"7":13,"8":13,"9":13,"10":13,"11":13,"12":13},"f":{},"b":{},"_coverageSchema":"1a1c01bbd47fc00a2c39e90264f33305004495a9","hash":"b110ac8c84b272df06a02f9aebaab5c7229f0ae8"}
,"D:\\Hacktiv8\\Project\\Individual Project\\IP-MFarrasDaffa\\server\\routes\\WatchlistRoute.js": {"path":"D:\\Hacktiv8\\Project\\Individual Project\\IP-MFarrasDaffa\\server\\routes\\WatchlistRoute.js","statementMap":{"0":{"start":{"line":1,"column":16},"end":{"line":1,"column":34}},"1":{"start":{"line":2,"column":15},"end":{"line":2,"column":31}},"2":{"start":{"line":4,"column":28},"end":{"line":4,"column":73}},"3":{"start":{"line":5,"column":23},"end":{"line":5,"column":62}},"4":{"start":{"line":7,"column":0},"end":{"line":7,"column":27}},"5":{"start":{"line":9,"column":0},"end":{"line":9,"column":51}},"6":{"start":{"line":10,"column":0},"end":{"line":10,"column":55}},"7":{"start":{"line":11,"column":0},"end":{"line":11,"column":54}},"8":{"start":{"line":12,"column":0},"end":{"line":12,"column":59}},"9":{"start":{"line":14,"column":0},"end":{"line":14,"column":24}}},"fnMap":{},"branchMap":{},"s":{"0":13,"1":13,"2":13,"3":13,"4":13,"5":13,"6":13,"7":13,"8":13,"9":13},"f":{},"b":{},"_coverageSchema":"1a1c01bbd47fc00a2c39e90264f33305004495a9","hash":"2ba313795a7ef31f0082fe5f1098997ed4474aaf"}
,"D:\\Hacktiv8\\Project\\Individual Project\\IP-MFarrasDaffa\\server\\routes\\index.js": {"path":"D:\\Hacktiv8\\Project\\Individual Project\\IP-MFarrasDaffa\\server\\routes\\index.js","statementMap":{"0":{"start":{"line":1,"column":16},"end":{"line":1,"column":34}},"1":{"start":{"line":2,"column":15},"end":{"line":2,"column":31}},"2":{"start":{"line":4,"column":23},"end":{"line":4,"column":50}},"3":{"start":{"line":5,"column":22},"end":{"line":5,"column":48}},"4":{"start":{"line":6,"column":19},"end":{"line":6,"column":42}},"5":{"start":{"line":7,"column":24},"end":{"line":7,"column":52}},"6":{"start":{"line":8,"column":21},"end":{"line":8,"column":47}},"7":{"start":{"line":10,"column":23},"end":{"line":10,"column":63}},"8":{"start":{"line":11,"column":21},"end":{"line":11,"column":58}},"9":{"start":{"line":13,"column":0},"end":{"line":13,"column":49}},"10":{"start":{"line":14,"column":0},"end":{"line":14,"column":43}},"11":{"start":{"line":15,"column":0},"end":{"line":15,"column":57}},"12":{"start":{"line":17,"column":0},"end":{"line":17,"column":41}},"13":{"start":{"line":18,"column":0},"end":{"line":18,"column":38}},"14":{"start":{"line":19,"column":0},"end":{"line":19,"column":33}},"15":{"start":{"line":20,"column":0},"end":{"line":20,"column":43}},"16":{"start":{"line":21,"column":0},"end":{"line":21,"column":37}},"17":{"start":{"line":23,"column":0},"end":{"line":23,"column":24}},"18":{"start":{"line":25,"column":0},"end":{"line":25,"column":23}}},"fnMap":{},"branchMap":{},"s":{"0":13,"1":13,"2":13,"3":13,"4":13,"5":13,"6":13,"7":13,"8":13,"9":13,"10":13,"11":13,"12":13,"13":13,"14":13,"15":13,"16":13,"17":13,"18":13},"f":{},"b":{},"_coverageSchema":"1a1c01bbd47fc00a2c39e90264f33305004495a9","hash":"a694ee35db91a8ad17d29b9456966ef059cccfb7"}
}
