TN:
SF:controllers\CollectionController.js
FN:4,(anonymous_0)
FNF:1
FNH:1
FNDA:4,(anonymous_0)
DA:1,13
DA:3,13
DA:5,4
DA:6,4
DA:8,4
DA:13,3
DA:15,1
DA:16,1
LF:8
LH:8
BRF:0
BRH:0
end_of_record
TN:
SF:controllers\MovieController.js
FN:6,(anonymous_0)
FN:16,(anonymous_1)
FN:49,(anonymous_2)
FNF:3
FNH:3
FNDA:2,(anonymous_0)
FNDA:3,(anonymous_1)
FNDA:4,(anonymous_2)
DA:1,13
DA:2,13
DA:5,13
DA:7,2
DA:8,2
DA:9,1
DA:11,1
DA:12,1
DA:17,3
DA:18,3
DA:19,3
DA:21,3
DA:22,1
DA:25,2
DA:26,2
DA:35,2
DA:37,1
DA:38,1
DA:39,1
DA:41,1
DA:44,2
DA:45,2
DA:50,4
DA:51,4
DA:53,4
DA:55,4
DA:57,4
DA:58,1
DA:61,3
DA:63,3
DA:100,2
DA:102,2
DA:105,2
DA:106,2
LF:34
LH:34
BRDA:21,0,0,1
BRDA:21,0,1,2
BRDA:57,1,0,1
BRDA:57,1,1,3
BRF:4
BRH:4
end_of_record
TN:
SF:controllers\PaymentController.js
FN:5,(anonymous_0)
FN:83,(anonymous_1)
FN:115,(anonymous_2)
FNF:3
FNH:3
FNDA:4,(anonymous_0)
FNDA:2,(anonymous_1)
FNDA:2,(anonymous_2)
DA:1,13
DA:2,13
DA:4,13
DA:6,4
DA:7,4
DA:9,4
DA:10,1
DA:14,3
DA:21,3
DA:22,1
DA:26,2
DA:31,2
DA:34,2
DA:36,2
DA:55,2
DA:58,1
DA:67,1
DA:72,1
DA:78,3
DA:79,3
DA:84,2
DA:85,2
DA:86,2
DA:89,2
DA:94,2
DA:95,1
DA:97,1
DA:98,1
DA:100,1
DA:103,1
DA:108,1
DA:110,1
DA:111,1
DA:116,2
DA:117,2
DA:118,2
DA:119,1
DA:121,1
DA:122,1
LF:39
LH:39
BRDA:9,0,0,1
BRDA:9,0,1,3
BRDA:9,1,0,4
BRDA:9,1,1,4
BRDA:9,1,2,3
BRDA:21,2,0,1
BRDA:21,2,1,2
BRF:7
BRH:7
end_of_record
TN:
SF:controllers\ProfileController.js
FN:12,(anonymous_0)
FN:26,(anonymous_1)
FN:45,(anonymous_2)
FNF:3
FNH:3
FNDA:3,(anonymous_0)
FNDA:3,(anonymous_1)
FNDA:5,(anonymous_2)
DA:1,13
DA:3,13
DA:5,13
DA:11,13
DA:13,3
DA:14,3
DA:15,3
DA:16,2
DA:17,1
DA:19,1
DA:21,2
DA:22,2
DA:27,3
DA:28,3
DA:29,3
DA:30,3
DA:31,3
DA:32,1
DA:34,2
DA:38,1
DA:40,2
DA:41,2
DA:46,5
DA:48,5
DA:49,1
DA:53,4
DA:54,4
DA:55,1
DA:58,3
DA:60,3
DA:61,1
DA:64,2
DA:65,2
DA:67,2
DA:75,1
DA:77,1
DA:79,1
DA:82,4
DA:83,4
LF:39
LH:39
BRDA:16,0,0,1
BRDA:16,0,1,1
BRDA:31,1,0,1
BRDA:31,1,1,2
BRDA:48,2,0,1
BRDA:48,2,1,4
BRDA:54,3,0,1
BRDA:54,3,1,3
BRDA:60,4,0,1
BRDA:60,4,1,2
BRF:10
BRH:10
end_of_record
TN:
SF:controllers\UserController.js
FN:7,(anonymous_0)
FN:49,(anonymous_1)
FN:64,(anonymous_2)
FNF:3
FNH:3
FNDA:5,(anonymous_0)
FNDA:2,(anonymous_1)
FNDA:1,(anonymous_2)
DA:1,13
DA:2,13
DA:3,13
DA:4,13
DA:6,13
DA:8,5
DA:10,5
DA:11,0
DA:14,5
DA:16,5
DA:17,1
DA:19,4
DA:20,1
DA:23,3
DA:25,3
DA:29,3
DA:30,1
DA:34,2
DA:35,2
DA:36,1
DA:40,1
DA:42,1
DA:44,4
DA:45,4
DA:50,2
DA:51,2
DA:53,1
DA:57,1
DA:59,1
DA:60,1
DA:65,1
DA:67,1
DA:68,1
DA:69,1
DA:72,0
DA:74,0
DA:79,0
DA:80,0
DA:82,0
DA:84,0
DA:85,0
DA:90,0
DA:95,0
DA:96,0
DA:98,1
LF:45
LH:34
BRDA:10,0,0,0
BRDA:10,0,1,5
BRDA:16,1,0,1
BRDA:16,1,1,4
BRDA:19,2,0,1
BRDA:19,2,1,3
BRDA:29,3,0,1
BRDA:29,3,1,2
BRDA:35,4,0,1
BRDA:35,4,1,1
BRDA:68,5,0,1
BRDA:68,5,1,0
BRDA:84,6,0,0
BRDA:84,6,1,0
BRF:14
BRH:10
end_of_record
TN:
SF:controllers\WatchlistController.js
FN:4,(anonymous_0)
FN:23,(anonymous_1)
FN:52,(anonymous_2)
FN:68,(anonymous_3)
FNF:4
FNH:4
FNDA:3,(anonymous_0)
FNDA:3,(anonymous_1)
FNDA:2,(anonymous_2)
FNDA:2,(anonymous_3)
DA:1,13
DA:3,13
DA:5,3
DA:6,3
DA:7,3
DA:12,2
DA:13,1
DA:16,1
DA:18,2
DA:19,2
DA:24,3
DA:25,3
DA:26,3
DA:27,3
DA:29,3
DA:30,1
DA:33,2
DA:35,2
DA:36,1
DA:39,1
DA:44,1
DA:46,2
DA:47,2
DA:53,2
DA:54,2
DA:55,2
DA:56,2
DA:57,2
DA:58,1
DA:60,1
DA:63,0
DA:64,0
DA:69,2
DA:70,2
DA:71,2
DA:72,2
DA:74,2
DA:75,1
DA:78,1
DA:79,1
DA:81,1
DA:82,1
LF:42
LH:40
BRDA:12,0,0,1
BRDA:12,0,1,1
BRDA:29,1,0,1
BRDA:29,1,1,2
BRDA:35,2,0,1
BRDA:35,2,1,1
BRDA:57,3,0,1
BRDA:57,3,1,1
BRDA:74,4,0,1
BRDA:74,4,1,1
BRF:10
BRH:10
end_of_record
TN:
SF:helpers\bcrypt.js
FN:3,hashPassword
FN:8,compareHash
FNF:2
FNH:2
FNDA:3,hashPassword
FNDA:2,compareHash
DA:1,2
DA:4,3
DA:5,3
DA:9,2
DA:12,2
LF:5
LH:5
BRF:0
BRH:0
end_of_record
TN:
SF:helpers\jwt.js
FN:5,signToken
FN:9,verifyToken
FNF:2
FNH:2
FNDA:2,signToken
FNDA:3,verifyToken
DA:1,4
DA:3,4
DA:6,2
DA:10,3
DA:13,4
LF:5
LH:5
BRF:0
BRH:0
end_of_record
TN:
SF:middleware\authentication.js
FN:4,authentication
FNF:1
FNH:1
FNDA:4,authentication
DA:1,1
DA:2,1
DA:4,1
DA:5,4
DA:6,1
DA:7,1
DA:10,3
DA:12,3
DA:13,3
DA:15,2
DA:19,2
DA:20,1
DA:24,1
DA:26,1
DA:28,2
DA:29,2
LF:16
LH:16
BRDA:5,0,0,1
BRDA:5,0,1,3
BRDA:19,1,0,1
BRDA:19,1,1,1
BRF:4
BRH:4
end_of_record
TN:
SF:middleware\authorization_profile.js
FN:3,authorization
FNF:1
FNH:1
FNDA:3,authorization
DA:1,2
DA:3,2
DA:4,3
DA:5,3
DA:6,3
DA:8,3
DA:9,1
DA:12,2
DA:13,1
DA:16,1
DA:18,2
LF:11
LH:11
BRDA:8,0,0,1
BRDA:8,0,1,2
BRDA:12,1,0,1
BRDA:12,1,1,1
BRF:4
BRH:4
end_of_record
TN:
SF:middleware\authorization_watchlist.js
FN:3,authorization
FNF:1
FNH:1
FNDA:3,authorization
DA:1,1
DA:3,1
DA:4,3
DA:5,3
DA:6,3
DA:8,3
DA:9,1
DA:12,2
DA:13,1
DA:16,1
DA:18,2
LF:11
LH:11
BRDA:8,0,0,1
BRDA:8,0,1,2
BRDA:12,1,0,1
BRDA:12,1,1,1
BRF:4
BRH:4
end_of_record
TN:
SF:middleware\errorHandler.js
FN:1,errorHandler
FNF:1
FNH:1
FNDA:38,errorHandler
DA:1,14
DA:2,38
DA:6,2
DA:7,36
DA:8,1
DA:9,35
DA:10,9
DA:11,26
DA:12,3
DA:13,23
DA:14,1
DA:15,22
DA:16,1
DA:17,21
DA:18,9
DA:20,12
LF:16
LH:16
BRDA:2,0,0,2
BRDA:2,0,1,36
BRDA:3,1,0,38
BRDA:3,1,1,37
BRDA:7,2,0,1
BRDA:7,2,1,35
BRDA:9,3,0,9
BRDA:9,3,1,26
BRDA:11,4,0,3
BRDA:11,4,1,23
BRDA:13,5,0,1
BRDA:13,5,1,22
BRDA:15,6,0,1
BRDA:15,6,1,21
BRDA:17,7,0,9
BRDA:17,7,1,12
BRF:16
BRH:16
end_of_record
TN:
SF:routes\CollectionRoute.js
FNF:0
FNH:0
DA:1,13
DA:2,13
DA:4,13
DA:5,13
DA:7,13
DA:9,13
DA:11,13
LF:7
LH:7
BRF:0
BRH:0
end_of_record
TN:
SF:routes\MovieRoute.js
FNF:0
FNH:0
DA:1,13
DA:2,13
DA:4,13
DA:5,13
DA:7,13
DA:9,13
DA:10,13
DA:11,13
DA:13,13
LF:9
LH:9
BRF:0
BRH:0
end_of_record
TN:
SF:routes\PaymentsRoute.js
FN:7,(anonymous_0)
FNF:1
FNH:1
FNDA:2,(anonymous_0)
DA:1,13
DA:2,13
DA:4,13
DA:5,13
DA:7,13
DA:8,2
DA:12,13
DA:13,13
DA:14,13
DA:16,13
LF:10
LH:10
BRF:0
BRH:0
end_of_record
TN:
SF:routes\ProfilesRoute.js
FNF:0
FNH:0
DA:1,13
DA:2,13
DA:4,13
DA:5,13
DA:6,13
DA:8,13
DA:9,13
DA:10,13
DA:12,13
DA:14,13
DA:16,13
DA:22,13
DA:24,13
LF:13
LH:13
BRF:0
BRH:0
end_of_record
TN:
SF:routes\WatchlistRoute.js
FNF:0
FNH:0
DA:1,13
DA:2,13
DA:4,13
DA:5,13
DA:7,13
DA:9,13
DA:10,13
DA:11,13
DA:12,13
DA:14,13
LF:10
LH:10
BRF:0
BRH:0
end_of_record
TN:
SF:routes\index.js
FNF:0
FNH:0
DA:1,13
DA:2,13
DA:4,13
DA:5,13
DA:6,13
DA:7,13
DA:8,13
DA:10,13
DA:11,13
DA:13,13
DA:14,13
DA:15,13
DA:17,13
DA:18,13
DA:19,13
DA:20,13
DA:21,13
DA:23,13
DA:25,13
LF:19
LH:19
BRF:0
BRH:0
end_of_record
